02:27:58: Creating resource group General
02:27:58: Creating resource group Internal
02:27:58: Creating resource group Autodetect
02:27:58: SceneManagerFactory for type 'DefaultSceneManager' registered.
02:27:58: Registering ResourceManager for type Material
02:27:58: Registering ResourceManager for type Mesh
02:27:58: Registering ResourceManager for type Skeleton
02:27:58: MovableObjectFactory for type 'ParticleSystem' registered.
02:27:58: OverlayElementFactory for type Panel registered.
02:27:58: OverlayElementFactory for type BorderPanel registered.
02:27:58: OverlayElementFactory for type TextArea registered.
02:27:58: Registering ResourceManager for type Font
02:27:58: ArchiveFactory for archive type FileSystem registered.
02:27:58: ArchiveFactory for archive type Zip registered.
02:27:58: DDS codec registering
02:27:58: FreeImage version: 3.13.1
02:27:58: This program uses FreeImage, a free, open source image library supporting all common bitmap formats. See http://freeimage.sourceforge.net for details
02:27:58: Supported formats: bmp,ico,jpg,jif,jpeg,jpe,jng,koa,iff,lbm,mng,pbm,pbm,pcd,pcx,pgm,pgm,png,ppm,ppm,ras,tga,targa,tif,tiff,wap,wbmp,wbm,psd,cut,xbm,xpm,gif,hdr,g3,sgi,exr,j2k,j2c,jp2,pfm,pct,pict,pic,bay,bmq,cr2,crw,cs1,dc2,dcr,dng,erf,fff,hdr,k25,kdc,mdc,mos,mrw,nef,orf,pef,pxn,raf,raw,rdc,sr2,srf,arw,3fr,cine,ia,kc2,mef,nrw,qtk,rw2,sti,drf,dsc,ptx,cap,iiq,rwz
02:27:58: PVRTC codec registering
02:27:58: Registering ResourceManager for type HighLevelGpuProgram
02:27:58: Registering ResourceManager for type Compositor
02:27:58: MovableObjectFactory for type 'Entity' registered.
02:27:58: MovableObjectFactory for type 'Light' registered.
02:27:58: MovableObjectFactory for type 'BillboardSet' registered.
02:27:58: MovableObjectFactory for type 'ManualObject' registered.
02:27:58: MovableObjectFactory for type 'BillboardChain' registered.
02:27:58: MovableObjectFactory for type 'RibbonTrail' registered.
02:27:58: Loading library .\RenderSystem_Direct3D9
02:27:58: Installing plugin: D3D9 RenderSystem
02:27:58: D3D9 : Direct3D9 Rendering Subsystem created.
02:27:58: D3D9: Driver Detection Starts
02:27:58: D3D9: Driver Detection Ends
02:27:58: Plugin successfully installed
02:27:58: Loading library .\Plugin_CgProgramManager
02:27:58: Installing plugin: Cg Program Manager
02:27:58: Plugin successfully installed
02:27:58: *-*-* OGRE Initialising
02:27:58: *-*-* Version 1.7.1 (Cthugha)
02:27:58: [Loading] First Get<RenderSystem>
02:27:58: D3D9 : RenderSystem Option: Full Screen = No
02:27:58: D3D9 : RenderSystem Option: Video Mode = 1024 x 768 @ 32-bit colour
02:27:58: [Loading] First Get<RenderWindow>
02:27:58: CPU Identifier & Features
02:27:58: -------------------------
02:27:58:  *   CPU ID: GenuineIntel: Intel(R) Core(TM)2 Duo CPU     T7500  @ 2.20GHz
02:27:58:  *      SSE: yes
02:27:58:  *     SSE2: yes
02:27:58:  *     SSE3: yes
02:27:58:  *      MMX: yes
02:27:58:  *   MMXEXT: yes
02:27:58:  *    3DNOW: no
02:27:58:  * 3DNOWEXT: no
02:27:58:  *     CMOV: yes
02:27:58:  *      TSC: yes
02:27:58:  *      FPU: yes
02:27:58:  *      PRO: yes
02:27:58:  *       HT: no
02:27:58: -------------------------
02:27:58: D3D9 : Subsystem Initialising
02:27:58: Registering ResourceManager for type Texture
02:27:58: Registering ResourceManager for type GpuProgram
02:27:58: ***************************************
02:27:58: *** D3D9 : Subsystem Initialised OK ***
02:27:58: ***************************************
02:27:58: D3D9RenderSystem::_createRenderWindow "Lymph main RenderWindow", 1024x768 windowed  miscParams: externalWindowHandle=3212510 vsync=true 
02:27:58: D3D9 : Created D3D9 Rendering Window 'Lymph main RenderWindow' : 1008x730, 32bpp
02:27:58: D3D9: Vertex texture format supported - PF_FLOAT16_RGB
02:27:58: D3D9: Vertex texture format supported - PF_FLOAT16_RGBA
02:27:58: D3D9: Vertex texture format supported - PF_FLOAT32_RGB
02:27:58: D3D9: Vertex texture format supported - PF_FLOAT32_RGBA
02:27:58: D3D9: Vertex texture format supported - PF_FLOAT16_R
02:27:58: D3D9: Vertex texture format supported - PF_FLOAT32_R
02:27:58: D3D9: Vertex texture format supported - PF_FLOAT16_GR
02:27:58: D3D9: Vertex texture format supported - PF_FLOAT32_GR
02:27:58: RenderSystem capabilities
02:27:58: -------------------------
02:27:58: RenderSystem Name: Direct3D9 Rendering Subsystem
02:27:58: GPU Vendor: nvidia
02:27:58: Device Name: Monitor-1-NVIDIA GeForce 8600M GT
02:27:58: Driver Version: 8.17.12.7533
02:27:58:  * Fixed function pipeline: yes
02:27:58:  * Hardware generation of mipmaps: yes
02:27:58:  * Texture blending: yes
02:27:58:  * Anisotropic texture filtering: yes
02:27:58:  * Dot product texture operation: yes
02:27:58:  * Cube mapping: yes
02:27:58:  * Hardware stencil buffer: yes
02:27:58:    - Stencil depth: 8
02:27:58:    - Two sided stencil support: yes
02:27:58:    - Wrap stencil values: yes
02:27:58:  * Hardware vertex / index buffers: yes
02:27:58:  * Vertex programs: yes
02:27:58:  * Number of floating-point constants for vertex programs: 256
02:27:58:  * Number of integer constants for vertex programs: 16
02:27:58:  * Number of boolean constants for vertex programs: 16
02:27:58:  * Fragment programs: yes
02:27:58:  * Number of floating-point constants for fragment programs: 224
02:27:58:  * Number of integer constants for fragment programs: 16
02:27:58:  * Number of boolean constants for fragment programs: 16
02:27:58:  * Geometry programs: no
02:27:58:  * Number of floating-point constants for geometry programs: 0
02:27:58:  * Number of integer constants for geometry programs: 0
02:27:58:  * Number of boolean constants for geometry programs: 0
02:27:58:  * Supported Shader Profiles: hlsl ps_1_1 ps_1_2 ps_1_3 ps_1_4 ps_2_0 ps_2_a ps_2_b ps_2_x ps_3_0 vs_1_1 vs_2_0 vs_2_a vs_2_x vs_3_0
02:27:58:  * Texture Compression: yes
02:27:58:    - DXT: yes
02:27:58:    - VTC: no
02:27:58:    - PVRTC: no
02:27:58:  * Scissor Rectangle: yes
02:27:58:  * Hardware Occlusion Query: yes
02:27:58:  * User clip planes: yes
02:27:58:  * VET_UBYTE4 vertex element type: yes
02:27:58:  * Infinite far plane projection: yes
02:27:58:  * Hardware render-to-texture: yes
02:27:58:  * Floating point textures: yes
02:27:58:  * Non-power-of-two textures: yes
02:27:58:  * Volume textures: yes
02:27:58:  * Multiple Render Targets: 4
02:27:58:    - With different bit depths: yes
02:27:58:  * Point Sprites: yes
02:27:58:  * Extended point parameters: yes
02:27:58:  * Max Point Size: 10
02:27:58:  * Vertex texture fetch: yes
02:27:58:  * Number of world matrices: 0
02:27:58:  * Number of texture units: 8
02:27:58:  * Stencil buffer depth: 8
02:27:58:  * Number of vertex blend matrices: 0
02:27:58:    - Max vertex textures: 4
02:27:58:    - Vertex textures shared: no
02:27:58:  * Render to Vertex Buffer : no
02:27:58:  * DirectX per stage constants: yes
02:27:58: DefaultWorkQueue('Root') initialising on thread main.
02:27:58: Particle Renderer Type 'billboard' registered
02:27:58: [Loading] Initialising resources and resource groups...
02:27:58: Creating resource group Bootstrap
02:27:58: Added resource location 'media/packs/OgreCore.zip' of type 'Zip' to resource group 'Bootstrap'
02:27:58: Added resource location 'media' of type 'FileSystem' to resource group 'General'
02:27:58: Added resource location 'media/fonts' of type 'FileSystem' to resource group 'General'
02:27:58: Added resource location 'media/materials/scripts' of type 'FileSystem' to resource group 'General'
02:27:58: Added resource location 'media/materials/scripts/objects' of type 'FileSystem' to resource group 'General'
02:27:58: Added resource location 'media/materials/programs' of type 'FileSystem' to resource group 'General'
02:27:58: Added resource location 'media/materials/textures' of type 'FileSystem' to resource group 'General'
02:27:58: Added resource location 'media/models' of type 'FileSystem' to resource group 'General'
02:27:58: Added resource location 'media/models/fat' of type 'FileSystem' to resource group 'General'
02:27:58: Added resource location 'media/gui' of type 'FileSystem' to resource group 'General'
02:27:58: Added resource location 'media/gui/Cursor' of type 'FileSystem' to resource group 'General'
02:27:58: Added resource location 'media/gui/DummyMaterials' of type 'FileSystem' to resource group 'General'
02:27:58: Added resource location 'media/gui/Fonts' of type 'FileSystem' to resource group 'General'
02:27:58: Added resource location 'media/gui/GUI' of type 'FileSystem' to resource group 'General'
02:27:58: Added resource location 'media/gui/KeyboardLayouts' of type 'FileSystem' to resource group 'General'
02:27:58: Added resource location 'media/gui/Locale' of type 'FileSystem' to resource group 'General'
02:27:58: Added resource location 'media/gui/Shader' of type 'FileSystem' to resource group 'General'
02:27:58: Added resource location 'media/gui/TileMap' of type 'FileSystem' to resource group 'General'
02:27:58: Added resource location 'media/worlds' of type 'FileSystem' to resource group 'General'
02:27:58: Parsing scripts for resource group Autodetect
02:27:58: Finished parsing scripts for resource group Autodetect
02:27:58: Parsing scripts for resource group Bootstrap
02:27:58: Parsing script OgreCore.material
02:27:58: Parsing script OgreProfiler.material
02:27:58: Parsing script Ogre.fontdef
02:27:58: Parsing script OgreDebugPanel.overlay
02:27:58: Texture: New_Ogre_Border_Center.png: Loading 1 faces(PF_A8R8G8B8,256x128x1) with  hardware generated mipmaps from Image. Internal format is PF_A8R8G8B8,256x128x1.
02:27:59: Texture: New_Ogre_Border.png: Loading 1 faces(PF_A8R8G8B8,256x256x1) with  hardware generated mipmaps from Image. Internal format is PF_A8R8G8B8,256x256x1.
02:27:59: Texture: New_Ogre_Border_Break.png: Loading 1 faces(PF_A8R8G8B8,32x32x1) with  hardware generated mipmaps from Image. Internal format is PF_A8R8G8B8,32x32x1.
02:27:59: Texture: ogretext.png: Loading 1 faces(PF_A8R8G8B8,256x128x1) with  hardware generated mipmaps from Image. Internal format is PF_A8R8G8B8,256x128x1.
02:27:59: Parsing script OgreLoadingPanel.overlay
02:27:59: Finished parsing scripts for resource group Bootstrap
02:27:59: Parsing scripts for resource group General
02:27:59: Parsing script fresnel.material
02:27:59: OGRE EXCEPTION(2:InvalidParametersException): Parameter called CameraPos does not exist.  in GpuProgramParameters::_findNamedConstantDefinition at ..\..\ogre\OgreMain\src\OgreGpuProgramParams.cpp (line 1433)
02:27:59: Compiler error: invalid parameters in fresnel.material(12): setting of constant failed
02:27:59: Parsing script glow.material
02:27:59: Parsing script glowBalloon.material
02:27:59: Parsing script antibody.material
02:27:59: Parsing script cocci.material
02:27:59: Parsing script Fat.material
02:27:59: Parsing script genericEnemy.material
02:27:59: Parsing script lymphy.material
02:27:59: Parsing script lymphyfaces.material
02:27:59: Parsing script misc.material
02:27:59: Parsing script dummy.material
02:27:59: Parsing script BlueHighway-10.fontdef
02:27:59: Parsing script Verdana.fontdef
02:27:59: Parsing script VerdanaBold.fontdef
02:27:59: Parsing script VerdanaBoldItalic.fontdef
02:27:59: Parsing script VerdanaItalic.fontdef
02:27:59: Finished parsing scripts for resource group General
02:27:59: Parsing scripts for resource group Internal
02:27:59: Finished parsing scripts for resource group Internal
02:27:59: [Loading] Initialising physics engine, collision groups, and trigger area and contact reporters...
02:27:59: [Loading] Creating PhysXMain...
02:28:01: [Loading] PhysXMain created!
02:28:01: [Loading] Setting up sound system...
02:28:01: [Loading] Creating IrrKlang and SoundMain...
02:28:01: [Loading] IrrKlang and SoundMain initialised!
02:28:01: [Loading] Creating level...
02:28:01: [Loading] First Get<SceneManager>
02:28:01: [Loading] First Get<DotSceneLoader>
02:28:01: [DotSceneLoader] ==== Parsing dotScene file with version 1.0 [File: Level0.scene] ====
02:28:01: Mesh: Loading Level0.mesh.
02:28:01: WARNING: Level0.mesh is an older format ([MeshSerializer_v1.40]); you should upgrade it as soon as possible using the OgreMeshUpgrade tool.
02:28:01: Texture: 2734-diffuse.jpg: Loading 1 faces(PF_R8G8B8,512x512x1) with  hardware generated mipmaps from Image. Internal format is PF_X8R8G8B8,512x512x1.
02:28:01: [DotSceneLoader] Successfully processed entity "Level0"
02:28:01: [DotSceneLoader] Successfully processed scene node "Level0"
02:28:01: [DotSceneLoader] Successfully processed environment
02:28:01: [DotSceneLoader] ==== Successfully parsed dotScene file with version 1.0 [File: Level0.scene] ====
02:28:01: [Loading] Loading first level physics...
02:28:01: [Loading] Setting up PhysX scene
02:28:01: *** If you get a PhysX error here about CUDA, ignore it! ***
02:28:01: [Loading] Creating player camera and viewport...
02:28:01: [Loading] First Get<PlayerCamera>
02:28:01: [Loading] First Get<Viewport>
02:28:01: [Loading] Starting input system...
02:28:02: [Loading] Initialising MOIS input system
02:28:02: [Loading] Setting up keyboard listeners
02:28:02: [Loading] Setting up mouse listeners
02:28:02: [Loading] MOIS input system loaded!
02:28:02: [Loading] Creating Pauser
02:28:02: [Loading] Creating spawner...
02:28:02: [Loading] Initialising UI...
02:28:02: [Loading] Starting Miyagi...
02:28:04: Texture: bluehigh.png: Loading 1 faces(PF_A8R8G8B8,256x128x1) with  hardware generated mipmaps from Image. Internal format is PF_A8R8G8B8,256x128x1.
02:28:04: [Loading] Miyagi loaded!
02:28:04: [Loading] Creating DialogueManager
02:28:04: [Loading] Creating LuaConsoleManager
02:28:04: [Loading] Setting up scripting engine...
02:28:05: [Lua Main] Registering lua functions from Lymph.Lua.LuaMain
02:28:05: [Loading] Scripting engine successfully started!
02:28:05: [Lua Main] Registering lua functions from Lymph.Lua.LKernelWrapper
02:28:05: [Lua Main] Registering lua functions from Lymph.Lua.PauserWrapper
02:28:05: [Lua Main] Registering lua functions from Lymph.Lua.LevelManagerWrapper
02:28:05: [Lua Main] Registering lua functions from Lymph.Lua.TriggerWrapper
02:28:05: [Lua Main] Registering lua functions from Lymph.Lua.SoundWrapper
02:28:05: [Lua Main] Registering lua functions from Lymph.Lua.SpawnerWrapper
02:28:05: [Lua Main] Registering lua functions from Lymph.Lua.LevelWrapper
02:28:05: [Lua Main] Registering lua functions from Lymph.Lua.IOWrapper
02:28:05: [Loading] Spawning player...
02:28:05: Mesh: Loading LymphyNucleus.mesh.
02:28:05: WARNING: LymphyNucleus.mesh is an older format ([MeshSerializer_v1.40]); you should upgrade it as soon as possible using the OgreMeshUpgrade tool.
02:28:05: Texture: pink.png: Loading 1 faces(PF_A8R8G8B8,1x1x1) with  hardware generated mipmaps from Image. Internal format is PF_A8R8G8B8,1x1x1.
02:28:05: Mesh: Loading LymphyOuterMembrane.mesh.
02:28:05: WARNING: LymphyOuterMembrane.mesh is an older format ([MeshSerializer_v1.40]); you should upgrade it as soon as possible using the OgreMeshUpgrade tool.
02:28:05: Texture: ribbonband.png: Loading 1 faces(PF_A8R8G8B8,128x1x1) with  hardware generated mipmaps from Image. Internal format is PF_A8R8G8B8,128x1x1.
02:28:05: [Loading] First Get<Player>
02:28:05: [Loading] Starting handlers...
02:28:05: [Loading] Creating DialogueTest
02:28:05: [Loading] Creating LevelChangerHandler
02:28:05: [Loading] Creating MiscKeyboardHandler
02:28:05: [Loading] Creating MovementHandler
02:28:05: [Loading] Creating PlayerMovementHandler
02:28:05: [Loading] Creating PlayerMovementKeyboardHandler
02:28:05: Font BlueHighwayusing texture size 512x512
02:28:05: Info: Freetype returned null for character 127 in font BlueHighway
02:28:05: Info: Freetype returned null for character 128 in font BlueHighway
02:28:05: Info: Freetype returned null for character 129 in font BlueHighway
02:28:05: Info: Freetype returned null for character 130 in font BlueHighway
02:28:05: Info: Freetype returned null for character 131 in font BlueHighway
02:28:05: Info: Freetype returned null for character 132 in font BlueHighway
02:28:05: Info: Freetype returned null for character 133 in font BlueHighway
02:28:05: Info: Freetype returned null for character 134 in font BlueHighway
02:28:05: Info: Freetype returned null for character 135 in font BlueHighway
02:28:05: Info: Freetype returned null for character 136 in font BlueHighway
02:28:05: Info: Freetype returned null for character 137 in font BlueHighway
02:28:05: Info: Freetype returned null for character 138 in font BlueHighway
02:28:05: Info: Freetype returned null for character 139 in font BlueHighway
02:28:05: Info: Freetype returned null for character 140 in font BlueHighway
02:28:05: Info: Freetype returned null for character 141 in font BlueHighway
02:28:05: Info: Freetype returned null for character 142 in font BlueHighway
02:28:05: Info: Freetype returned null for character 143 in font BlueHighway
02:28:05: Info: Freetype returned null for character 144 in font BlueHighway
02:28:05: Info: Freetype returned null for character 145 in font BlueHighway
02:28:05: Info: Freetype returned null for character 146 in font BlueHighway
02:28:05: Info: Freetype returned null for character 147 in font BlueHighway
02:28:05: Info: Freetype returned null for character 148 in font BlueHighway
02:28:05: Info: Freetype returned null for character 149 in font BlueHighway
02:28:05: Info: Freetype returned null for character 150 in font BlueHighway
02:28:05: Info: Freetype returned null for character 151 in font BlueHighway
02:28:05: Info: Freetype returned null for character 152 in font BlueHighway
02:28:05: Info: Freetype returned null for character 153 in font BlueHighway
02:28:05: Info: Freetype returned null for character 154 in font BlueHighway
02:28:05: Info: Freetype returned null for character 155 in font BlueHighway
02:28:05: Info: Freetype returned null for character 156 in font BlueHighway
02:28:05: Info: Freetype returned null for character 157 in font BlueHighway
02:28:05: Info: Freetype returned null for character 158 in font BlueHighway
02:28:05: Info: Freetype returned null for character 159 in font BlueHighway
02:28:05: Info: Freetype returned null for character 160 in font BlueHighway
02:28:05: Texture: BlueHighwayTexture: Loading 1 faces(PF_BYTE_LA,512x512x1) with 0 generated mipmaps from Image. Internal format is PF_BYTE_LA,512x512x1.
02:28:05: Texture: texture.png: Loading 1 faces(PF_A8R8G8B8,1024x1024x1) with  hardware generated mipmaps from Image. Internal format is PF_A8R8G8B8,1024x1024x1.
02:28:05: Texture: Cursor.png: Loading 1 faces(PF_A8R8G8B8,256x32x1) with  hardware generated mipmaps from Image. Internal format is PF_A8R8G8B8,256x32x1.
02:28:13: ======= Level unloading: Level0 =======
02:28:13: [World Exporter] Exporting level to file: media/worlds/Level0.save
02:28:14: [Loading] Destroying everything in scene...
02:28:14: [Loading] Disposing MovementHandler
02:28:14: [Loading] Disposing PlayerMovementHandler
02:28:14: [Loading] Disposing PlayerMovementKeyboardHandler
02:28:14: Cleaning SceneManager...
02:28:14: ======= Level loading: shittyterrain =======
02:28:14: [Loading] First Get<DotSceneLoader>
02:28:14: [Loading] Creating player...
02:28:14: [Loading] First Get<PlayerCamera>
02:28:14: [DotSceneLoader] ==== Parsing dotScene file with version 1.0 [File: shittyterrain.scene] ====
02:28:14: Mesh: Loading shittyterrain.mesh.
02:28:14: WARNING: shittyterrain.mesh is an older format ([MeshSerializer_v1.40]); you should upgrade it as soon as possible using the OgreMeshUpgrade tool.
02:28:14: OGRE EXCEPTION(6:FileNotFoundException): Cannot locate resource Cocci0.png in resource group General or any other group. in ResourceGroupManager::openResource at ..\..\ogre\OgreMain\src\OgreResourceGroupManager.cpp (line 753)
02:28:14: Error loading texture Cocci0.png. Texture layer will be blank. Loading the texture failed with the following exception: OGRE EXCEPTION(6:FileNotFoundException): Cannot locate resource Cocci0.png in resource group General or any other group. in ResourceGroupManager::openResource at ..\..\ogre\OgreMain\src\OgreResourceGroupManager.cpp (line 753)
02:28:14: [DotSceneLoader] Successfully processed entity "shittyterrain"
02:28:14: [DotSceneLoader] Successfully processed scene node "shittyterrain"
02:28:14: [DotSceneLoader] Successfully processed environment
02:28:14: [DotSceneLoader] ==== Successfully parsed dotScene file with version 1.0 [File: shittyterrain.scene] ====
02:28:14: [Loading] Setting up PhysX scene
02:28:14: *** If you get a PhysX error here about CUDA, ignore it! ***
02:28:14: [Loading] Loading everything else...
02:28:14: [World Importer] Importing and parsing level: media/worlds/shittyterrain.muffin
02:28:14: Mesh: Loading primitives/box.mesh.
02:28:14: WARNING: primitives/box.mesh is an older format ([MeshSerializer_v1.30]); you should upgrade it as soon as possible using the OgreMeshUpgrade tool.
02:28:14: Texture: fat-cell-texture.jpg: Loading 1 faces(PF_R8G8B8,256x256x1) with  hardware generated mipmaps from Image. Internal format is PF_X8R8G8B8,256x256x1.
02:28:14: [Loading] First Get<Player>
02:28:14: [Loading] Initialising per-level handlers...
02:28:14: [Loading] Creating DialogueTest
02:28:14: [Loading] Creating MovementHandler
02:28:14: [Loading] Creating PlayerMovementHandler
02:28:14: [Loading] Creating PlayerMovementKeyboardHandler
02:28:37: DefaultWorkQueue('Root') shutting down on thread main.
02:28:37: *-*-* OGRE Shutdown
02:28:38: *-*-* OGRE Shutdown
02:28:38: Unregistering ResourceManager for type Compositor
02:28:38: Unregistering ResourceManager for type Font
02:28:38: Unregistering ResourceManager for type Skeleton
02:28:38: Unregistering ResourceManager for type Mesh
02:28:38: Unregistering ResourceManager for type HighLevelGpuProgram
02:28:38: Uninstalling plugin: Cg Program Manager
02:28:38: Plugin successfully uninstalled
02:28:38: Unloading library .\Plugin_CgProgramManager
02:28:38: Uninstalling plugin: D3D9 RenderSystem
02:28:38: D3D9 : Shutting down cleanly.
02:28:38: Unregistering ResourceManager for type Texture
02:28:38: Unregistering ResourceManager for type GpuProgram
02:28:38: D3D9 : Direct3D9 Rendering Subsystem destroyed.
02:28:38: Plugin successfully uninstalled
02:28:38: Unloading library .\RenderSystem_Direct3D9
02:28:38: Unregistering ResourceManager for type Material
